2026-03-28 16:40:47,894 - INFO - Testing connection to Yeelight bulb...
2026-03-28 16:40:47,895 - ERROR - Test failed: Bulb IP not configured or invalid.
2026-03-28 16:45:16,170 - INFO - Testing connection to Yeelight bulb...
2026-03-28 16:45:16,388 - INFO - Test successful: Bulb flashed green.
2026-03-28 16:55:32,572 - INFO - Successfully connected to Pikud Ha'Oref API. Monitoring active.
2026-03-28 16:55:32,674 - WARNING - Lost connection to Pikud Ha'Oref API: Unexpected UTF-8 BOM (decode using utf-8-sig): line 1 column 1 (char 0). Retrying in background...
2026-03-28 16:55:35,268 - INFO - Successfully connected to Pikud Ha'Oref API. Monitoring active.
2026-03-28 16:55:35,269 - WARNING - Lost connection to Pikud Ha'Oref API: Unexpected UTF-8 BOM (decode using utf-8-sig): line 1 column 1 (char 0). Retrying in background...
2026-03-28 16:55:37,881 - INFO - Successfully connected to Pikud Ha'Oref API. Monitoring active.
2026-03-28 16:55:37,881 - WARNING - Lost connection to Pikud Ha'Oref API: Unexpected UTF-8 BOM (decode using utf-8-sig): line 1 column 1 (char 0). Retrying in background...
2026-03-28 16:55:37,915 - INFO - Testing connection to Yeelight bulb...
2026-03-28 16:55:38,229 - INFO - Test successful: Bulb flashed green.
2026-03-28 16:55:40,494 - INFO - Successfully connected to Pikud Ha'Oref API. Monitoring active.
2026-03-28 16:55:40,494 - WARNING - Lost connection to Pikud Ha'Oref API: Unexpected UTF-8 BOM (decode using utf-8-sig): line 1 column 1 (char 0). Retrying in background...
2026-03-28 16:55:43,561 - INFO - Successfully connected to Pikud Ha'Oref API. Monitoring active.
2026-03-28 16:55:43,561 - WARNING - Lost connection to Pikud Ha'Oref API: Unexpected UTF-8 BOM (decode using utf-8-sig): line 1 column 1 (char 0). Retrying in background...
2026-03-28 16:55:46,498 - INFO - Successfully connected to Pikud Ha'Oref API. Monitoring active.
2026-03-28 16:55:46,498 - WARNING - Lost connection to Pikud Ha'Oref API: Unexpected UTF-8 BOM (decode using utf-8-sig): line 1 column 1 (char 0). Retrying in background...
2026-03-28 16:55:49,206 - INFO - Successfully connected to Pikud Ha'Oref API. Monitoring active.
2026-03-28 16:55:49,207 - WARNING - Lost connection to Pikud Ha'Oref API: Unexpected UTF-8 BOM (decode using utf-8-sig): line 1 column 1 (char 0). Retrying in background...
2026-03-28 16:55:51,900 - INFO - Successfully connected to Pikud Ha'Oref API. Monitoring active.
2026-03-28 16:55:51,900 - WARNING - Lost connection to Pikud Ha'Oref API: Unexpected UTF-8 BOM (decode using utf-8-sig): line 1 column 1 (char 0). Retrying in background...
2026-03-28 16:55:54,503 - INFO - Successfully connected to Pikud Ha'Oref API. Monitoring active.
2026-03-28 16:55:54,503 - WARNING - Lost connection to Pikud Ha'Oref API: Unexpected UTF-8 BOM (decode using utf-8-sig): line 1 column 1 (char 0). Retrying in background...
2026-03-28 16:55:57,515 - INFO - Successfully connected to Pikud Ha'Oref API. Monitoring active.
2026-03-28 16:55:57,515 - WARNING - Lost connection to Pikud Ha'Oref API: Unexpected UTF-8 BOM (decode using utf-8-sig): line 1 column 1 (char 0). Retrying in background...
2026-03-28 16:56:01,922 - INFO - Successfully connected to Pikud Ha'Oref API. Monitoring active.
2026-03-28 16:56:01,922 - WARNING - Lost connection to Pikud Ha'Oref API: Unexpected UTF-8 BOM (decode using utf-8-sig): line 1 column 1 (char 0). Retrying in background...
2026-03-28 16:56:05,014 - INFO - Successfully connected to Pikud Ha'Oref API. Monitoring active.
2026-03-28 16:56:05,014 - WARNING - Lost connection to Pikud Ha'Oref API: Unexpected UTF-8 BOM (decode using utf-8-sig): line 1 column 1 (char 0). Retrying in background...
2026-03-28 16:56:07,770 - INFO - Successfully connected to Pikud Ha'Oref API. Monitoring active.
2026-03-28 16:56:07,770 - WARNING - Lost connection to Pikud Ha'Oref API: Unexpected UTF-8 BOM (decode using utf-8-sig): line 1 column 1 (char 0). Retrying in background...
2026-03-28 16:56:10,459 - INFO - Successfully connected to Pikud Ha'Oref API. Monitoring active.
2026-03-28 16:56:10,459 - WARNING - Lost connection to Pikud Ha'Oref API: Unexpected UTF-8 BOM (decode using utf-8-sig): line 1 column 1 (char 0). Retrying in background...
2026-03-28 16:56:13,567 - INFO - Successfully connected to Pikud Ha'Oref API. Monitoring active.
2026-03-28 16:56:13,567 - WARNING - Lost connection to Pikud Ha'Oref API: Unexpected UTF-8 BOM (decode using utf-8-sig): line 1 column 1 (char 0). Retrying in background...
2026-03-28 16:56:16,801 - INFO - Successfully connected to Pikud Ha'Oref API. Monitoring active.
2026-03-28 16:56:16,801 - WARNING - Lost connection to Pikud Ha'Oref API: Unexpected UTF-8 BOM (decode using utf-8-sig): line 1 column 1 (char 0). Retrying in background...
2026-03-28 16:56:20,029 - INFO - Successfully connected to Pikud Ha'Oref API. Monitoring active.
2026-03-28 16:56:20,029 - WARNING - Lost connection to Pikud Ha'Oref API: Unexpected UTF-8 BOM (decode using utf-8-sig): line 1 column 1 (char 0). Retrying in background...
2026-03-28 16:56:22,954 - INFO - Successfully connected to Pikud Ha'Oref API. Monitoring active.
2026-03-28 16:56:22,954 - WARNING - Lost connection to Pikud Ha'Oref API: Unexpected UTF-8 BOM (decode using utf-8-sig): line 1 column 1 (char 0). Retrying in background...
2026-03-28 16:56:25,715 - INFO - Successfully connected to Pikud Ha'Oref API. Monitoring active.
2026-03-28 16:56:25,715 - WARNING - Lost connection to Pikud Ha'Oref API: Unexpected UTF-8 BOM (decode using utf-8-sig): line 1 column 1 (char 0). Retrying in background...
2026-03-28 16:56:28,353 - INFO - Successfully connected to Pikud Ha'Oref API. Monitoring active.
2026-03-28 16:56:28,353 - WARNING - Lost connection to Pikud Ha'Oref API: Unexpected UTF-8 BOM (decode using utf-8-sig): line 1 column 1 (char 0). Retrying in background...
2026-03-28 16:56:30,913 - INFO - Successfully connected to Pikud Ha'Oref API. Monitoring active.
2026-03-28 16:56:30,914 - WARNING - Lost connection to Pikud Ha'Oref API: Unexpected UTF-8 BOM (decode using utf-8-sig): line 1 column 1 (char 0). Retrying in background...
2026-03-28 16:56:33,614 - INFO - Successfully connected to Pikud Ha'Oref API. Monitoring active.
2026-03-28 16:56:33,614 - WARNING - Lost connection to Pikud Ha'Oref API: Unexpected UTF-8 BOM (decode using utf-8-sig): line 1 column 1 (char 0). Retrying in background...
2026-03-28 16:56:36,160 - INFO - Successfully connected to Pikud Ha'Oref API. Monitoring active.
2026-03-28 16:56:36,161 - WARNING - Lost connection to Pikud Ha'Oref API: Unexpected UTF-8 BOM (decode using utf-8-sig): line 1 column 1 (char 0). Retrying in background...
2026-03-28 16:56:38,707 - INFO - Successfully connected to Pikud Ha'Oref API. Monitoring active.
2026-03-28 16:56:38,708 - WARNING - Lost connection to Pikud Ha'Oref API: Unexpected UTF-8 BOM (decode using utf-8-sig): line 1 column 1 (char 0). Retrying in background...
2026-03-28 16:56:41,262 - INFO - Successfully connected to Pikud Ha'Oref API. Monitoring active.
2026-03-28 16:56:41,262 - WARNING - Lost connection to Pikud Ha'Oref API: Unexpected UTF-8 BOM (decode using utf-8-sig): line 1 column 1 (char 0). Retrying in background...
2026-03-28 16:56:43,853 - INFO - Successfully connected to Pikud Ha'Oref API. Monitoring active.
2026-03-28 16:56:43,853 - WARNING - Lost connection to Pikud Ha'Oref API: Unexpected UTF-8 BOM (decode using utf-8-sig): line 1 column 1 (char 0). Retrying in background...
2026-03-28 16:56:46,389 - INFO - Successfully connected to Pikud Ha'Oref API. Monitoring active.
2026-03-28 16:56:46,389 - WARNING - Lost connection to Pikud Ha'Oref API: Unexpected UTF-8 BOM (decode using utf-8-sig): line 1 column 1 (char 0). Retrying in background...
2026-03-28 16:56:48,933 - INFO - Successfully connected to Pikud Ha'Oref API. Monitoring active.
2026-03-28 16:56:48,934 - WARNING - Lost connection to Pikud Ha'Oref API: Unexpected UTF-8 BOM (decode using utf-8-sig): line 1 column 1 (char 0). Retrying in background...
2026-03-28 16:56:51,473 - INFO - Successfully connected to Pikud Ha'Oref API. Monitoring active.
2026-03-28 16:56:51,473 - WARNING - Lost connection to Pikud Ha'Oref API: Unexpected UTF-8 BOM (decode using utf-8-sig): line 1 column 1 (char 0). Retrying in background...
2026-03-28 16:56:54,029 - INFO - Successfully connected to Pikud Ha'Oref API. Monitoring active.
2026-03-28 16:56:54,029 - WARNING - Lost connection to Pikud Ha'Oref API: Unexpected UTF-8 BOM (decode using utf-8-sig): line 1 column 1 (char 0). Retrying in background...
2026-03-28 16:56:56,609 - INFO - Successfully connected to Pikud Ha'Oref API. Monitoring active.
2026-03-28 16:56:56,609 - WARNING - Lost connection to Pikud Ha'Oref API: Unexpected UTF-8 BOM (decode using utf-8-sig): line 1 column 1 (char 0). Retrying in background...
2026-03-28 16:56:59,195 - INFO - Successfully connected to Pikud Ha'Oref API. Monitoring active.
2026-03-28 16:56:59,196 - WARNING - Lost connection to Pikud Ha'Oref API: Unexpected UTF-8 BOM (decode using utf-8-sig): line 1 column 1 (char 0). Retrying in background...
2026-03-28 16:57:01,840 - INFO - Successfully connected to Pikud Ha'Oref API. Monitoring active.
2026-03-28 16:57:01,840 - WARNING - Lost connection to Pikud Ha'Oref API: Unexpected UTF-8 BOM (decode using utf-8-sig): line 1 column 1 (char 0). Retrying in background...
2026-03-28 16:57:04,578 - INFO - Successfully connected to Pikud Ha'Oref API. Monitoring active.
2026-03-28 16:57:04,578 - WARNING - Lost connection to Pikud Ha'Oref API: Unexpected UTF-8 BOM (decode using utf-8-sig): line 1 column 1 (char 0). Retrying in background...
2026-03-28 16:57:07,409 - INFO - Successfully connected to Pikud Ha'Oref API. Monitoring active.
2026-03-28 16:57:07,409 - WARNING - Lost connection to Pikud Ha'Oref API: Unexpected UTF-8 BOM (decode using utf-8-sig): line 1 column 1 (char 0). Retrying in background...
2026-03-28 16:57:09,962 - INFO - Successfully connected to Pikud Ha'Oref API. Monitoring active.
2026-03-28 16:57:09,962 - WARNING - Lost connection to Pikud Ha'Oref API: Unexpected UTF-8 BOM (decode using utf-8-sig): line 1 column 1 (char 0). Retrying in background...
2026-03-28 16:57:12,770 - INFO - Successfully connected to Pikud Ha'Oref API. Monitoring active.
2026-03-28 16:57:12,770 - WARNING - Lost connection to Pikud Ha'Oref API: Unexpected UTF-8 BOM (decode using utf-8-sig): line 1 column 1 (char 0). Retrying in background...
2026-03-28 16:57:15,346 - INFO - Successfully connected to Pikud Ha'Oref API. Monitoring active.
2026-03-28 16:57:15,346 - WARNING - Lost connection to Pikud Ha'Oref API: Unexpected UTF-8 BOM (decode using utf-8-sig): line 1 column 1 (char 0). Retrying in background...
2026-03-28 16:57:17,954 - INFO - Successfully connected to Pikud Ha'Oref API. Monitoring active.
2026-03-28 16:57:17,954 - WARNING - Lost connection to Pikud Ha'Oref API: Unexpected UTF-8 BOM (decode using utf-8-sig): line 1 column 1 (char 0). Retrying in background...
2026-03-28 16:57:20,512 - INFO - Successfully connected to Pikud Ha'Oref API. Monitoring active.
2026-03-28 16:57:20,513 - WARNING - Lost connection to Pikud Ha'Oref API: Unexpected UTF-8 BOM (decode using utf-8-sig): line 1 column 1 (char 0). Retrying in background...
2026-03-28 16:57:23,073 - INFO - Successfully connected to Pikud Ha'Oref API. Monitoring active.
2026-03-28 16:57:23,073 - WARNING - Lost connection to Pikud Ha'Oref API: Unexpected UTF-8 BOM (decode using utf-8-sig): line 1 column 1 (char 0). Retrying in background...
2026-03-28 16:57:25,680 - INFO - Successfully connected to Pikud Ha'Oref API. Monitoring active.
2026-03-28 16:57:25,680 - WARNING - Lost connection to Pikud Ha'Oref API: Unexpected UTF-8 BOM (decode using utf-8-sig): line 1 column 1 (char 0). Retrying in background...
2026-03-28 16:57:28,238 - INFO - Successfully connected to Pikud Ha'Oref API. Monitoring active.
2026-03-28 16:57:28,238 - WARNING - Lost connection to Pikud Ha'Oref API: Unexpected UTF-8 BOM (decode using utf-8-sig): line 1 column 1 (char 0). Retrying in background...
2026-03-28 16:57:30,791 - INFO - Successfully connected to Pikud Ha'Oref API. Monitoring active.
2026-03-28 16:57:30,791 - WARNING - Lost connection to Pikud Ha'Oref API: Unexpected UTF-8 BOM (decode using utf-8-sig): line 1 column 1 (char 0). Retrying in background...
2026-03-28 16:57:33,355 - INFO - Successfully connected to Pikud Ha'Oref API. Monitoring active.
2026-03-28 16:57:33,356 - WARNING - Lost connection to Pikud Ha'Oref API: Unexpected UTF-8 BOM (decode using utf-8-sig): line 1 column 1 (char 0). Retrying in background...
2026-03-28 16:57:35,920 - INFO - Successfully connected to Pikud Ha'Oref API. Monitoring active.
2026-03-28 16:57:35,920 - WARNING - Lost connection to Pikud Ha'Oref API: Unexpected UTF-8 BOM (decode using utf-8-sig): line 1 column 1 (char 0). Retrying in background...
2026-03-28 16:57:38,482 - INFO - Successfully connected to Pikud Ha'Oref API. Monitoring active.
2026-03-28 16:57:38,483 - WARNING - Lost connection to Pikud Ha'Oref API: Unexpected UTF-8 BOM (decode using utf-8-sig): line 1 column 1 (char 0). Retrying in background...
2026-03-28 16:57:41,037 - INFO - Successfully connected to Pikud Ha'Oref API. Monitoring active.
2026-03-28 16:57:41,037 - WARNING - Lost connection to Pikud Ha'Oref API: Unexpected UTF-8 BOM (decode using utf-8-sig): line 1 column 1 (char 0). Retrying in background...
2026-03-28 16:57:43,595 - INFO - Successfully connected to Pikud Ha'Oref API. Monitoring active.
2026-03-28 16:57:43,596 - WARNING - Lost connection to Pikud Ha'Oref API: Unexpected UTF-8 BOM (decode using utf-8-sig): line 1 column 1 (char 0). Retrying in background...
2026-03-28 16:57:46,147 - INFO - Successfully connected to Pikud Ha'Oref API. Monitoring active.
2026-03-28 16:57:46,147 - WARNING - Lost connection to Pikud Ha'Oref API: Unexpected UTF-8 BOM (decode using utf-8-sig): line 1 column 1 (char 0). Retrying in background...
2026-03-28 16:57:48,703 - INFO - Successfully connected to Pikud Ha'Oref API. Monitoring active.
2026-03-28 16:57:48,703 - WARNING - Lost connection to Pikud Ha'Oref API: Unexpected UTF-8 BOM (decode using utf-8-sig): line 1 column 1 (char 0). Retrying in background...
2026-03-28 16:57:51,399 - INFO - Successfully connected to Pikud Ha'Oref API. Monitoring active.
2026-03-28 16:57:51,399 - WARNING - Lost connection to Pikud Ha'Oref API: Unexpected UTF-8 BOM (decode using utf-8-sig): line 1 column 1 (char 0). Retrying in background...
2026-03-28 16:57:54,156 - INFO - Successfully connected to Pikud Ha'Oref API. Monitoring active.
2026-03-28 16:57:54,156 - WARNING - Lost connection to Pikud Ha'Oref API: Unexpected UTF-8 BOM (decode using utf-8-sig): line 1 column 1 (char 0). Retrying in background...
2026-03-28 16:57:56,758 - INFO - Successfully connected to Pikud Ha'Oref API. Monitoring active.
2026-03-28 16:57:56,759 - WARNING - Lost connection to Pikud Ha'Oref API: Unexpected UTF-8 BOM (decode using utf-8-sig): line 1 column 1 (char 0). Retrying in background...
2026-03-28 16:57:59,447 - INFO - Successfully connected to Pikud Ha'Oref API. Monitoring active.
2026-03-28 16:57:59,447 - WARNING - Lost connection to Pikud Ha'Oref API: Unexpected UTF-8 BOM (decode using utf-8-sig): line 1 column 1 (char 0). Retrying in background...
2026-03-28 16:58:02,111 - INFO - Successfully connected to Pikud Ha'Oref API. Monitoring active.
2026-03-28 16:58:02,112 - WARNING - Lost connection to Pikud Ha'Oref API: Unexpected UTF-8 BOM (decode using utf-8-sig): line 1 column 1 (char 0). Retrying in background...
2026-03-28 16:58:04,686 - INFO - Successfully connected to Pikud Ha'Oref API. Monitoring active.
2026-03-28 16:58:04,686 - WARNING - Lost connection to Pikud Ha'Oref API: Unexpected UTF-8 BOM (decode using utf-8-sig): line 1 column 1 (char 0). Retrying in background...
2026-03-28 16:58:07,290 - INFO - Successfully connected to Pikud Ha'Oref API. Monitoring active.
2026-03-28 16:58:07,290 - WARNING - Lost connection to Pikud Ha'Oref API: Unexpected UTF-8 BOM (decode using utf-8-sig): line 1 column 1 (char 0). Retrying in background...
2026-03-28 16:58:09,877 - INFO - Successfully connected to Pikud Ha'Oref API. Monitoring active.
2026-03-28 16:58:09,877 - WARNING - Lost connection to Pikud Ha'Oref API: Unexpected UTF-8 BOM (decode using utf-8-sig): line 1 column 1 (char 0). Retrying in background...
2026-03-28 16:58:12,461 - INFO - Successfully connected to Pikud Ha'Oref API. Monitoring active.
2026-03-28 16:58:12,462 - WARNING - Lost connection to Pikud Ha'Oref API: Unexpected UTF-8 BOM (decode using utf-8-sig): line 1 column 1 (char 0). Retrying in background...
2026-03-28 16:58:15,033 - INFO - Successfully connected to Pikud Ha'Oref API. Monitoring active.
2026-03-28 16:58:15,033 - WARNING - Lost connection to Pikud Ha'Oref API: Unexpected UTF-8 BOM (decode using utf-8-sig): line 1 column 1 (char 0). Retrying in background...
2026-03-28 16:58:17,592 - INFO - Successfully connected to Pikud Ha'Oref API. Monitoring active.
2026-03-28 16:58:17,592 - WARNING - Lost connection to Pikud Ha'Oref API: Unexpected UTF-8 BOM (decode using utf-8-sig): line 1 column 1 (char 0). Retrying in background...
2026-03-28 16:58:20,157 - INFO - Successfully connected to Pikud Ha'Oref API. Monitoring active.
2026-03-28 16:58:20,157 - WARNING - Lost connection to Pikud Ha'Oref API: Unexpected UTF-8 BOM (decode using utf-8-sig): line 1 column 1 (char 0). Retrying in background...
2026-03-28 16:58:22,708 - INFO - Successfully connected to Pikud Ha'Oref API. Monitoring active.
2026-03-28 16:58:22,708 - WARNING - Lost connection to Pikud Ha'Oref API: Unexpected UTF-8 BOM (decode using utf-8-sig): line 1 column 1 (char 0). Retrying in background...
2026-03-28 16:58:25,377 - INFO - Successfully connected to Pikud Ha'Oref API. Monitoring active.
2026-03-28 16:58:25,377 - WARNING - Lost connection to Pikud Ha'Oref API: Unexpected UTF-8 BOM (decode using utf-8-sig): line 1 column 1 (char 0). Retrying in background...
2026-03-28 16:58:28,027 - INFO - Successfully connected to Pikud Ha'Oref API. Monitoring active.
2026-03-28 16:58:28,027 - WARNING - Lost connection to Pikud Ha'Oref API: Unexpected UTF-8 BOM (decode using utf-8-sig): line 1 column 1 (char 0). Retrying in background...
2026-03-28 16:58:30,874 - INFO - Successfully connected to Pikud Ha'Oref API. Monitoring active.
2026-03-28 16:58:30,874 - WARNING - Lost connection to Pikud Ha'Oref API: Unexpected UTF-8 BOM (decode using utf-8-sig): line 1 column 1 (char 0). Retrying in background...
2026-03-28 16:58:33,564 - INFO - Successfully connected to Pikud Ha'Oref API. Monitoring active.
2026-03-28 16:58:33,565 - WARNING - Lost connection to Pikud Ha'Oref API: Unexpected UTF-8 BOM (decode using utf-8-sig): line 1 column 1 (char 0). Retrying in background...
2026-03-28 16:58:36,172 - INFO - Successfully connected to Pikud Ha'Oref API. Monitoring active.
2026-03-28 16:58:36,172 - WARNING - Lost connection to Pikud Ha'Oref API: Unexpected UTF-8 BOM (decode using utf-8-sig): line 1 column 1 (char 0). Retrying in background...
2026-03-28 16:58:38,793 - INFO - Successfully connected to Pikud Ha'Oref API. Monitoring active.
2026-03-28 16:58:38,793 - WARNING - Lost connection to Pikud Ha'Oref API: Unexpected UTF-8 BOM (decode using utf-8-sig): line 1 column 1 (char 0). Retrying in background...
2026-03-28 16:58:41,470 - INFO - Successfully connected to Pikud Ha'Oref API. Monitoring active.
2026-03-28 16:58:41,470 - WARNING - Lost connection to Pikud Ha'Oref API: Unexpected UTF-8 BOM (decode using utf-8-sig): line 1 column 1 (char 0). Retrying in background...
2026-03-28 16:58:44,226 - INFO - Successfully connected to Pikud Ha'Oref API. Monitoring active.
2026-03-28 16:58:44,226 - WARNING - Lost connection to Pikud Ha'Oref API: Unexpected UTF-8 BOM (decode using utf-8-sig): line 1 column 1 (char 0). Retrying in background...
2026-03-28 16:58:46,870 - INFO - Successfully connected to Pikud Ha'Oref API. Monitoring active.
2026-03-28 16:58:46,870 - WARNING - Lost connection to Pikud Ha'Oref API: Unexpected UTF-8 BOM (decode using utf-8-sig): line 1 column 1 (char 0). Retrying in background...
2026-03-28 16:58:49,433 - INFO - Successfully connected to Pikud Ha'Oref API. Monitoring active.
2026-03-28 16:58:49,434 - WARNING - Lost connection to Pikud Ha'Oref API: Unexpected UTF-8 BOM (decode using utf-8-sig): line 1 column 1 (char 0). Retrying in background...
2026-03-28 16:58:51,998 - INFO - Successfully connected to Pikud Ha'Oref API. Monitoring active.
2026-03-28 16:58:51,998 - WARNING - Lost connection to Pikud Ha'Oref API: Unexpected UTF-8 BOM (decode using utf-8-sig): line 1 column 1 (char 0). Retrying in background...
2026-03-28 16:58:54,586 - INFO - Successfully connected to Pikud Ha'Oref API. Monitoring active.
2026-03-28 16:58:54,586 - WARNING - Lost connection to Pikud Ha'Oref API: Unexpected UTF-8 BOM (decode using utf-8-sig): line 1 column 1 (char 0). Retrying in background...
2026-03-28 16:58:57,158 - INFO - Successfully connected to Pikud Ha'Oref API. Monitoring active.
2026-03-28 16:58:57,158 - WARNING - Lost connection to Pikud Ha'Oref API: Unexpected UTF-8 BOM (decode using utf-8-sig): line 1 column 1 (char 0). Retrying in background...
2026-03-28 16:58:59,738 - INFO - Successfully connected to Pikud Ha'Oref API. Monitoring active.
2026-03-28 16:58:59,738 - WARNING - Lost connection to Pikud Ha'Oref API: Unexpected UTF-8 BOM (decode using utf-8-sig): line 1 column 1 (char 0). Retrying in background...
2026-03-28 16:59:02,298 - INFO - Successfully connected to Pikud Ha'Oref API. Monitoring active.
2026-03-28 16:59:02,299 - WARNING - Lost connection to Pikud Ha'Oref API: Unexpected UTF-8 BOM (decode using utf-8-sig): line 1 column 1 (char 0). Retrying in background...
2026-03-28 16:59:04,873 - INFO - Successfully connected to Pikud Ha'Oref API. Monitoring active.
2026-03-28 16:59:04,873 - WARNING - Lost connection to Pikud Ha'Oref API: Unexpected UTF-8 BOM (decode using utf-8-sig): line 1 column 1 (char 0). Retrying in background...
2026-03-28 16:59:07,429 - INFO - Successfully connected to Pikud Ha'Oref API. Monitoring active.
2026-03-28 16:59:07,429 - WARNING - Lost connection to Pikud Ha'Oref API: Unexpected UTF-8 BOM (decode using utf-8-sig): line 1 column 1 (char 0). Retrying in background...
2026-03-28 16:59:09,991 - INFO - Successfully connected to Pikud Ha'Oref API. Monitoring active.
2026-03-28 16:59:09,991 - WARNING - Lost connection to Pikud Ha'Oref API: Unexpected UTF-8 BOM (decode using utf-8-sig): line 1 column 1 (char 0). Retrying in background...
2026-03-28 16:59:12,564 - INFO - Successfully connected to Pikud Ha'Oref API. Monitoring active.
2026-03-28 16:59:12,564 - WARNING - Lost connection to Pikud Ha'Oref API: Unexpected UTF-8 BOM (decode using utf-8-sig): line 1 column 1 (char 0). Retrying in background...
2026-03-28 16:59:15,144 - INFO - Successfully connected to Pikud Ha'Oref API. Monitoring active.
2026-03-28 16:59:15,144 - WARNING - Lost connection to Pikud Ha'Oref API: Unexpected UTF-8 BOM (decode using utf-8-sig): line 1 column 1 (char 0). Retrying in background...
2026-03-28 16:59:17,790 - INFO - Successfully connected to Pikud Ha'Oref API. Monitoring active.
2026-03-28 16:59:17,790 - WARNING - Lost connection to Pikud Ha'Oref API: Unexpected UTF-8 BOM (decode using utf-8-sig): line 1 column 1 (char 0). Retrying in background...
2026-03-28 16:59:20,411 - INFO - Successfully connected to Pikud Ha'Oref API. Monitoring active.
2026-03-28 16:59:20,411 - WARNING - Lost connection to Pikud Ha'Oref API: Unexpected UTF-8 BOM (decode using utf-8-sig): line 1 column 1 (char 0). Retrying in background...
2026-03-28 16:59:22,975 - INFO - Successfully connected to Pikud Ha'Oref API. Monitoring active.
2026-03-28 16:59:22,975 - WARNING - Lost connection to Pikud Ha'Oref API: Unexpected UTF-8 BOM (decode using utf-8-sig): line 1 column 1 (char 0). Retrying in background...
2026-03-28 16:59:25,540 - INFO - Successfully connected to Pikud Ha'Oref API. Monitoring active.
2026-03-28 16:59:25,540 - WARNING - Lost connection to Pikud Ha'Oref API: Unexpected UTF-8 BOM (decode using utf-8-sig): line 1 column 1 (char 0). Retrying in background...
2026-03-28 16:59:28,095 - INFO - Successfully connected to Pikud Ha'Oref API. Monitoring active.
2026-03-28 16:59:28,095 - WARNING - Lost connection to Pikud Ha'Oref API: Unexpected UTF-8 BOM (decode using utf-8-sig): line 1 column 1 (char 0). Retrying in background...
2026-03-28 16:59:30,674 - INFO - Successfully connected to Pikud Ha'Oref API. Monitoring active.
2026-03-28 16:59:30,674 - WARNING - Lost connection to Pikud Ha'Oref API: Unexpected UTF-8 BOM (decode using utf-8-sig): line 1 column 1 (char 0). Retrying in background...
2026-03-28 16:59:33,229 - INFO - Successfully connected to Pikud Ha'Oref API. Monitoring active.
2026-03-28 16:59:33,229 - WARNING - Lost connection to Pikud Ha'Oref API: Unexpected UTF-8 BOM (decode using utf-8-sig): line 1 column 1 (char 0). Retrying in background...
2026-03-28 16:59:35,807 - INFO - Successfully connected to Pikud Ha'Oref API. Monitoring active.
2026-03-28 16:59:35,807 - WARNING - Lost connection to Pikud Ha'Oref API: Unexpected UTF-8 BOM (decode using utf-8-sig): line 1 column 1 (char 0). Retrying in background...
2026-03-28 16:59:38,355 - INFO - Successfully connected to Pikud Ha'Oref API. Monitoring active.
2026-03-28 16:59:38,355 - WARNING - Lost connection to Pikud Ha'Oref API: Unexpected UTF-8 BOM (decode using utf-8-sig): line 1 column 1 (char 0). Retrying in background...
2026-03-28 16:59:40,904 - INFO - Successfully connected to Pikud Ha'Oref API. Monitoring active.
2026-03-28 16:59:40,904 - WARNING - Lost connection to Pikud Ha'Oref API: Unexpected UTF-8 BOM (decode using utf-8-sig): line 1 column 1 (char 0). Retrying in background...
2026-03-28 16:59:43,472 - INFO - Successfully connected to Pikud Ha'Oref API. Monitoring active.
2026-03-28 16:59:43,472 - WARNING - Lost connection to Pikud Ha'Oref API: Unexpected UTF-8 BOM (decode using utf-8-sig): line 1 column 1 (char 0). Retrying in background...
2026-03-28 16:59:46,048 - INFO - Successfully connected to Pikud Ha'Oref API. Monitoring active.
2026-03-28 16:59:46,049 - WARNING - Lost connection to Pikud Ha'Oref API: Unexpected UTF-8 BOM (decode using utf-8-sig): line 1 column 1 (char 0). Retrying in background...
2026-03-28 16:59:48,619 - INFO - Successfully connected to Pikud Ha'Oref API. Monitoring active.
2026-03-28 16:59:48,620 - WARNING - Lost connection to Pikud Ha'Oref API: Unexpected UTF-8 BOM (decode using utf-8-sig): line 1 column 1 (char 0). Retrying in background...
2026-03-28 16:59:51,219 - INFO - Successfully connected to Pikud Ha'Oref API. Monitoring active.
2026-03-28 16:59:51,220 - WARNING - Lost connection to Pikud Ha'Oref API: Unexpected UTF-8 BOM (decode using utf-8-sig): line 1 column 1 (char 0). Retrying in background...
2026-03-28 16:59:53,821 - INFO - Successfully connected to Pikud Ha'Oref API. Monitoring active.
2026-03-28 16:59:53,822 - WARNING - Lost connection to Pikud Ha'Oref API: Unexpected UTF-8 BOM (decode using utf-8-sig): line 1 column 1 (char 0). Retrying in background...
2026-03-28 16:59:56,392 - INFO - Successfully connected to Pikud Ha'Oref API. Monitoring active.
2026-03-28 16:59:56,392 - WARNING - Lost connection to Pikud Ha'Oref API: Unexpected UTF-8 BOM (decode using utf-8-sig): line 1 column 1 (char 0). Retrying in background...
2026-03-28 16:59:58,995 - INFO - Successfully connected to Pikud Ha'Oref API. Monitoring active.
2026-03-28 16:59:58,995 - WARNING - Lost connection to Pikud Ha'Oref API: Unexpected UTF-8 BOM (decode using utf-8-sig): line 1 column 1 (char 0). Retrying in background...
2026-03-28 17:00:01,550 - INFO - Successfully connected to Pikud Ha'Oref API. Monitoring active.
2026-03-28 17:00:01,550 - WARNING - Lost connection to Pikud Ha'Oref API: Unexpected UTF-8 BOM (decode using utf-8-sig): line 1 column 1 (char 0). Retrying in background...
2026-03-28 17:00:04,194 - INFO - Successfully connected to Pikud Ha'Oref API. Monitoring active.
2026-03-28 17:00:04,195 - WARNING - Lost connection to Pikud Ha'Oref API: Unexpected UTF-8 BOM (decode using utf-8-sig): line 1 column 1 (char 0). Retrying in background...
2026-03-28 17:00:06,997 - INFO - Successfully connected to Pikud Ha'Oref API. Monitoring active.
2026-03-28 17:00:06,997 - WARNING - Lost connection to Pikud Ha'Oref API: Unexpected UTF-8 BOM (decode using utf-8-sig): line 1 column 1 (char 0). Retrying in background...
2026-03-28 17:00:10,230 - INFO - Successfully connected to Pikud Ha'Oref API. Monitoring active.
2026-03-28 17:00:10,230 - WARNING - Lost connection to Pikud Ha'Oref API: Unexpected UTF-8 BOM (decode using utf-8-sig): line 1 column 1 (char 0). Retrying in background...
2026-03-28 17:00:13,118 - INFO - Successfully connected to Pikud Ha'Oref API. Monitoring active.
2026-03-28 17:00:13,119 - WARNING - Lost connection to Pikud Ha'Oref API: Unexpected UTF-8 BOM (decode using utf-8-sig): line 1 column 1 (char 0). Retrying in background...
2026-03-28 17:00:15,880 - INFO - Successfully connected to Pikud Ha'Oref API. Monitoring active.
2026-03-28 17:00:15,881 - WARNING - Lost connection to Pikud Ha'Oref API: Unexpected UTF-8 BOM (decode using utf-8-sig): line 1 column 1 (char 0). Retrying in background...
2026-03-28 17:00:18,548 - INFO - Successfully connected to Pikud Ha'Oref API. Monitoring active.
2026-03-28 17:00:18,548 - WARNING - Lost connection to Pikud Ha'Oref API: Unexpected UTF-8 BOM (decode using utf-8-sig): line 1 column 1 (char 0). Retrying in background...
2026-03-28 17:00:21,318 - INFO - Successfully connected to Pikud Ha'Oref API. Monitoring active.
2026-03-28 17:00:21,318 - WARNING - Lost connection to Pikud Ha'Oref API: Unexpected UTF-8 BOM (decode using utf-8-sig): line 1 column 1 (char 0). Retrying in background...
2026-03-28 17:00:24,686 - INFO - Successfully connected to Pikud Ha'Oref API. Monitoring active.
2026-03-28 17:00:24,686 - WARNING - Lost connection to Pikud Ha'Oref API: Unexpected UTF-8 BOM (decode using utf-8-sig): line 1 column 1 (char 0). Retrying in background...
2026-03-28 17:00:27,400 - INFO - Successfully connected to Pikud Ha'Oref API. Monitoring active.
2026-03-28 17:00:27,400 - WARNING - Lost connection to Pikud Ha'Oref API: Unexpected UTF-8 BOM (decode using utf-8-sig): line 1 column 1 (char 0). Retrying in background...
2026-03-28 17:00:30,214 - INFO - Successfully connected to Pikud Ha'Oref API. Monitoring active.
2026-03-28 17:00:30,214 - WARNING - Lost connection to Pikud Ha'Oref API: Unexpected UTF-8 BOM (decode using utf-8-sig): line 1 column 1 (char 0). Retrying in background...
2026-03-28 17:00:33,654 - INFO - Successfully connected to Pikud Ha'Oref API. Monitoring active.
2026-03-28 17:00:33,654 - WARNING - Lost connection to Pikud Ha'Oref API: Unexpected UTF-8 BOM (decode using utf-8-sig): line 1 column 1 (char 0). Retrying in background...
2026-03-28 17:00:36,496 - INFO - Successfully connected to Pikud Ha'Oref API. Monitoring active.
2026-03-28 17:00:36,496 - WARNING - Lost connection to Pikud Ha'Oref API: Unexpected UTF-8 BOM (decode using utf-8-sig): line 1 column 1 (char 0). Retrying in background...
2026-03-28 17:00:39,395 - INFO - Successfully connected to Pikud Ha'Oref API. Monitoring active.
2026-03-28 17:00:39,395 - WARNING - Lost connection to Pikud Ha'Oref API: Unexpected UTF-8 BOM (decode using utf-8-sig): line 1 column 1 (char 0). Retrying in background...
2026-03-28 17:00:42,098 - INFO - Successfully connected to Pikud Ha'Oref API. Monitoring active.
2026-03-28 17:00:42,098 - WARNING - Lost connection to Pikud Ha'Oref API: Unexpected UTF-8 BOM (decode using utf-8-sig): line 1 column 1 (char 0). Retrying in background...
2026-03-28 17:00:44,808 - INFO - Successfully connected to Pikud Ha'Oref API. Monitoring active.
2026-03-28 17:00:44,808 - WARNING - Lost connection to Pikud Ha'Oref API: Unexpected UTF-8 BOM (decode using utf-8-sig): line 1 column 1 (char 0). Retrying in background...
2026-03-28 17:00:47,480 - INFO - Successfully connected to Pikud Ha'Oref API. Monitoring active.
2026-03-28 17:00:47,480 - WARNING - Lost connection to Pikud Ha'Oref API: Unexpected UTF-8 BOM (decode using utf-8-sig): line 1 column 1 (char 0). Retrying in background...
2026-03-28 17:00:50,209 - INFO - Successfully connected to Pikud Ha'Oref API. Monitoring active.
2026-03-28 17:00:50,210 - WARNING - Lost connection to Pikud Ha'Oref API: Unexpected UTF-8 BOM (decode using utf-8-sig): line 1 column 1 (char 0). Retrying in background...
2026-03-28 17:00:52,864 - INFO - Successfully connected to Pikud Ha'Oref API. Monitoring active.
2026-03-28 17:00:52,864 - WARNING - Lost connection to Pikud Ha'Oref API: Unexpected UTF-8 BOM (decode using utf-8-sig): line 1 column 1 (char 0). Retrying in background...
2026-03-28 17:00:55,493 - INFO - Successfully connected to Pikud Ha'Oref API. Monitoring active.
2026-03-28 17:00:55,493 - WARNING - Lost connection to Pikud Ha'Oref API: Unexpected UTF-8 BOM (decode using utf-8-sig): line 1 column 1 (char 0). Retrying in background...
2026-03-28 17:00:59,171 - INFO - Successfully connected to Pikud Ha'Oref API. Monitoring active.
2026-03-28 17:00:59,171 - WARNING - Lost connection to Pikud Ha'Oref API: Unexpected UTF-8 BOM (decode using utf-8-sig): line 1 column 1 (char 0). Retrying in background...
2026-03-28 17:01:01,776 - INFO - Successfully connected to Pikud Ha'Oref API. Monitoring active.
2026-03-28 17:01:01,777 - WARNING - Lost connection to Pikud Ha'Oref API: Unexpected UTF-8 BOM (decode using utf-8-sig): line 1 column 1 (char 0). Retrying in background...
2026-03-28 17:01:04,343 - INFO - Successfully connected to Pikud Ha'Oref API. Monitoring active.
2026-03-28 17:01:04,343 - WARNING - Lost connection to Pikud Ha'Oref API: Unexpected UTF-8 BOM (decode using utf-8-sig): line 1 column 1 (char 0). Retrying in background...
2026-03-28 17:01:07,354 - INFO - Successfully connected to Pikud Ha'Oref API. Monitoring active.
2026-03-28 17:01:07,354 - WARNING - Lost connection to Pikud Ha'Oref API: Unexpected UTF-8 BOM (decode using utf-8-sig): line 1 column 1 (char 0). Retrying in background...
2026-03-28 17:01:09,983 - INFO - Successfully connected to Pikud Ha'Oref API. Monitoring active.
2026-03-28 17:01:09,983 - WARNING - Lost connection to Pikud Ha'Oref API: Unexpected UTF-8 BOM (decode using utf-8-sig): line 1 column 1 (char 0). Retrying in background...
2026-03-28 17:01:12,538 - INFO - Successfully connected to Pikud Ha'Oref API. Monitoring active.
2026-03-28 17:01:12,538 - WARNING - Lost connection to Pikud Ha'Oref API: Unexpected UTF-8 BOM (decode using utf-8-sig): line 1 column 1 (char 0). Retrying in background...
2026-03-28 17:01:15,107 - INFO - Successfully connected to Pikud Ha'Oref API. Monitoring active.
2026-03-28 17:01:15,107 - WARNING - Lost connection to Pikud Ha'Oref API: Unexpected UTF-8 BOM (decode using utf-8-sig): line 1 column 1 (char 0). Retrying in background...
2026-03-28 17:01:17,668 - INFO - Successfully connected to Pikud Ha'Oref API. Monitoring active.
2026-03-28 17:01:17,668 - WARNING - Lost connection to Pikud Ha'Oref API: Unexpected UTF-8 BOM (decode using utf-8-sig): line 1 column 1 (char 0). Retrying in background...
2026-03-28 17:01:20,272 - INFO - Successfully connected to Pikud Ha'Oref API. Monitoring active.
2026-03-28 17:01:20,272 - WARNING - Lost connection to Pikud Ha'Oref API: Unexpected UTF-8 BOM (decode using utf-8-sig): line 1 column 1 (char 0). Retrying in background...
2026-03-28 17:01:22,904 - INFO - Successfully connected to Pikud Ha'Oref API. Monitoring active.
2026-03-28 17:01:22,904 - WARNING - Lost connection to Pikud Ha'Oref API: Unexpected UTF-8 BOM (decode using utf-8-sig): line 1 column 1 (char 0). Retrying in background...
2026-03-28 17:01:25,517 - INFO - Successfully connected to Pikud Ha'Oref API. Monitoring active.
2026-03-28 17:01:25,517 - WARNING - Lost connection to Pikud Ha'Oref API: Unexpected UTF-8 BOM (decode using utf-8-sig): line 1 column 1 (char 0). Retrying in background...
2026-03-28 17:01:28,071 - INFO - Successfully connected to Pikud Ha'Oref API. Monitoring active.
2026-03-28 17:01:28,071 - WARNING - Lost connection to Pikud Ha'Oref API: Unexpected UTF-8 BOM (decode using utf-8-sig): line 1 column 1 (char 0). Retrying in background...
2026-03-28 17:01:30,619 - INFO - Successfully connected to Pikud Ha'Oref API. Monitoring active.
2026-03-28 17:01:30,619 - WARNING - Lost connection to Pikud Ha'Oref API: Unexpected UTF-8 BOM (decode using utf-8-sig): line 1 column 1 (char 0). Retrying in background...
2026-03-28 17:01:33,166 - INFO - Successfully connected to Pikud Ha'Oref API. Monitoring active.
2026-03-28 17:01:33,166 - WARNING - Lost connection to Pikud Ha'Oref API: Unexpected UTF-8 BOM (decode using utf-8-sig): line 1 column 1 (char 0). Retrying in background...
2026-03-28 17:01:35,715 - INFO - Successfully connected to Pikud Ha'Oref API. Monitoring active.
2026-03-28 17:01:35,716 - WARNING - Lost connection to Pikud Ha'Oref API: Unexpected UTF-8 BOM (decode using utf-8-sig): line 1 column 1 (char 0). Retrying in background...
2026-03-28 17:01:38,348 - INFO - Successfully connected to Pikud Ha'Oref API. Monitoring active.
2026-03-28 17:01:38,348 - WARNING - Lost connection to Pikud Ha'Oref API: Unexpected UTF-8 BOM (decode using utf-8-sig): line 1 column 1 (char 0). Retrying in background...
2026-03-28 17:01:40,987 - INFO - Successfully connected to Pikud Ha'Oref API. Monitoring active.
2026-03-28 17:01:40,988 - WARNING - Lost connection to Pikud Ha'Oref API: Unexpected UTF-8 BOM (decode using utf-8-sig): line 1 column 1 (char 0). Retrying in background...
2026-03-28 17:01:43,596 - INFO - Successfully connected to Pikud Ha'Oref API. Monitoring active.
2026-03-28 17:01:43,596 - WARNING - Lost connection to Pikud Ha'Oref API: Unexpected UTF-8 BOM (decode using utf-8-sig): line 1 column 1 (char 0). Retrying in background...
2026-03-28 17:01:46,203 - INFO - Successfully connected to Pikud Ha'Oref API. Monitoring active.
2026-03-28 17:01:46,203 - WARNING - Lost connection to Pikud Ha'Oref API: Unexpected UTF-8 BOM (decode using utf-8-sig): line 1 column 1 (char 0). Retrying in background...
2026-03-28 17:01:48,843 - INFO - Successfully connected to Pikud Ha'Oref API. Monitoring active.
2026-03-28 17:01:48,844 - WARNING - Lost connection to Pikud Ha'Oref API: Unexpected UTF-8 BOM (decode using utf-8-sig): line 1 column 1 (char 0). Retrying in background...
